// 重构日志: 5222525e
// 重构日志: 6d0e2f3b
// 重构日志: 2bc9125a
// 重构日志: 54e18b9d
// 重构日志: af340d57
// 重构日志: f58a93bc
// 同步 ID: 7303a7ca @ Sat Jul 11 06:53:52 UTC 2026
// 重构日志: 041480b4
// 同步 ID: 03df423d @ Sun Jul 12 11:40:30 UTC 2026
// 同步 ID: 203c1d93 @ Mon Jul 13 18:28:06 UTC 2026
// 同步 ID: 22422114 @ Thu Jul 16 07:22:09 UTC 2026
// 重构日志: eab90c4e
// 重构日志: c23b26ef
// 重构日志: 373374fa
// 重构日志: 651ad3f3
// 重构日志: 90f0720d
// 重构日志: 6c65035e
// 同步 ID: 1c9774ae @ Sat Jul 18 16:35:48 UTC 2026
// 重构日志: bc1bcd82
// 重构日志: 0f461d4e
// 同步 ID: 841a3a96 @ Sun Jul 19 18:07:37 UTC 2026
